2018-05-17 12:04:42.736 [http-nio-8080-exec-3] INFO  ua.training.controller.commands.LoginCommand - CLIENT Dentris91logged successfully.
2018-05-17 13:11:00.787 [http-nio-8080-exec-5] INFO  ua.training.controller.commands.LoginCommand - CLIENT Dentris91 logged successfully.
2018-05-17 13:19:49.061 [http-nio-8080-exec-8] INFO  ua.training.controller.commands.LoginCommand - CLIENT Dentris91 logged successfully.
2018-05-17 13:21:10.055 [http-nio-8080-exec-8] INFO  ua.training.controller.commands.LoginCommand - CLIENT Dentris91 logged successfully.
2018-05-17 13:22:24.805 [http-nio-8080-exec-8] INFO  ua.training.controller.commands.LoginCommand - CLIENT Dentris91 logged successfully.
2018-05-17 13:25:54.968 [http-nio-8080-exec-8] INFO  ua.training.controller.commands.LoginCommand - CLIENT Dentris91 logged successfully.
2018-05-17 13:28:53.726 [http-nio-8080-exec-8] INFO  ua.training.controller.commands.LoginCommand - CLIENT Dentris91 logged successfully.
2018-05-17 13:36:12.798 [http-nio-8080-exec-9] INFO  ua.training.controller.commands.LoginCommand - CLIENT Dentris91 logged successfully.
2018-05-17 13:37:38.805 [http-nio-8080-exec-3] INFO  ua.training.controller.commands.LogoutCommand - CLIENT Dentris91 logged out.
2018-05-17 13:37:47.777 [http-nio-8080-exec-5] INFO  ua.training.controller.commands.LoginCommand - ADMIN Nagorn09 logged successfully.
2018-05-17 13:38:03.620 [http-nio-8080-exec-9] INFO  ua.training.controller.commands.LogoutCommand - ADMIN Nagorn09 logged out.
2018-05-17 13:38:09.948 [http-nio-8080-exec-6] INFO  ua.training.controller.commands.LoginCommand - CLIENT Dentris91 logged successfully.
2018-05-17 13:40:31.459 [http-nio-8080-exec-2] INFO  ua.training.controller.commands.LoginCommand - CLIENT Dentris91 logged successfully.
2018-05-17 13:45:12.531 [http-nio-8080-exec-8] INFO  ua.training.controller.commands.LoginCommand - CLIENT Dentris91 logged successfully.
2018-05-17 20:43:27.107 [http-nio-8080-exec-2] INFO  ua.training.controller.commands.LoginCommand - CLIENT Dentris91 logged successfully.
2018-05-17 20:44:02.250 [http-nio-8080-exec-10] INFO  ua.training.controller.commands.LoginCommand - CLIENT Sentril logged successfully.
2018-05-17 23:22:41.744 [http-nio-8080-exec-2] INFO  ua.training.controller.commands.LoginCommand - CLIENT Dentris91 logged successfully.
2018-05-17 23:26:58.865 [http-nio-8080-exec-5] INFO  ua.training.controller.commands.LoginCommand - CLIENT Dentris91 logged successfully.
2018-05-17 23:41:51.220 [http-nio-8080-exec-6] INFO  ua.training.controller.commands.LoginCommand - CLIENT Dentris91 logged successfully.
2018-05-17 23:42:58.428 [http-nio-8080-exec-6] INFO  ua.training.controller.commands.LoginCommand - CLIENT Dentris91 logged successfully.
2018-05-17 23:47:35.978 [http-nio-8080-exec-10] INFO  ua.training.controller.commands.LoginCommand - CLIENT Dentris91 logged successfully.
2018-05-17 23:53:40.069 [http-nio-8080-exec-5] INFO  ua.training.controller.commands.LoginCommand - CLIENT Dentris91 logged successfully.
2018-05-17 23:55:29.085 [http-nio-8080-exec-6] INFO  ua.training.controller.commands.LoginCommand - CLIENT Dentris91 logged successfully.
2018-05-18 12:01:37.041 [http-nio-8080-exec-9] INFO  ua.training.controller.commands.LoginCommand - CLIENT Dentris91 logged successfully.
2018-05-18 12:03:16.042 [http-nio-8080-exec-9] INFO  ua.training.controller.commands.LogoutCommand - CLIENT Dentris91 logged out.
2018-05-18 12:03:28.151 [http-nio-8080-exec-3] INFO  ua.training.controller.commands.LoginCommand - CLIENT Dentris91 logged successfully.
2018-05-18 12:16:32.253 [http-nio-8080-exec-1] INFO  ua.training.controller.commands.LoginCommand - CLIENT Dentris91 logged successfully.
2018-05-18 12:20:38.050 [http-nio-8080-exec-1] INFO  ua.training.controller.commands.LoginCommand - CLIENT Dentris91 logged successfully.
2018-05-18 12:32:46.338 [http-nio-8080-exec-5] INFO  ua.training.controller.commands.LoginCommand - CLIENT Dentris91 logged successfully.
2018-05-18 12:39:40.990 [http-nio-8080-exec-5] INFO  ua.training.controller.commands.LoginCommand - CLIENT Dentris91 logged successfully.
2018-05-18 12:43:04.366 [http-nio-8080-exec-5] INFO  ua.training.controller.commands.LoginCommand - CLIENT Dentris91 logged successfully.
2018-05-18 12:49:47.492 [http-nio-8080-exec-6] INFO  ua.training.controller.commands.LoginCommand - CLIENT Dentris91 logged successfully.
2018-05-18 12:50:42.192 [http-nio-8080-exec-6] INFO  ua.training.controller.commands.LoginCommand - CLIENT Dentris91 logged successfully.
2018-05-18 12:51:14.759 [http-nio-8080-exec-5] INFO  ua.training.controller.commands.LoginCommand - CLIENT Dentris91 logged successfully.
2018-05-18 12:52:48.638 [http-nio-8080-exec-5] INFO  ua.training.controller.commands.LoginCommand - CLIENT Dentris91 logged successfully.
2018-05-18 12:53:31.578 [http-nio-8080-exec-6] INFO  ua.training.controller.commands.LoginCommand - CLIENT Dentris91 logged successfully.
2018-05-18 12:55:33.405 [http-nio-8080-exec-5] INFO  ua.training.controller.commands.LoginCommand - CLIENT Dentris91 logged successfully.
2018-05-18 12:56:50.837 [http-nio-8080-exec-3] INFO  ua.training.controller.commands.LoginCommand - CLIENT Dentris91 logged successfully.
2018-05-18 12:57:42.487 [http-nio-8080-exec-5] INFO  ua.training.controller.commands.LoginCommand - CLIENT Dentris91 logged successfully.
2018-05-18 12:58:54.352 [http-nio-8080-exec-5] INFO  ua.training.controller.commands.LoginCommand - CLIENT Dentris91 logged successfully.
2018-05-18 17:03:09.214 [http-nio-8080-exec-3] INFO  ua.training.controller.commands.LoginCommand - CLIENT Dentris91 logged successfully.
2018-05-18 17:04:11.045 [http-nio-8080-exec-5] INFO  ua.training.controller.commands.LoginCommand - CLIENT Dentris91 logged successfully.
2018-05-18 17:21:19.257 [http-nio-8080-exec-5] INFO  ua.training.controller.commands.LoginCommand - ADMIN Nagorn09 logged successfully.
2018-05-18 17:23:15.130 [http-nio-8080-exec-5] INFO  ua.training.controller.commands.LoginCommand - ADMIN Nagorn09 logged successfully.
2018-05-18 17:26:57.028 [http-nio-8080-exec-9] INFO  ua.training.controller.commands.LoginCommand - CLIENT Dentris91 logged successfully.
2018-05-18 17:35:21.420 [http-nio-8080-exec-8] INFO  ua.training.controller.commands.LoginCommand - CLIENT Dentris91 logged successfully.
2018-05-18 17:43:39.125 [http-nio-8080-exec-6] INFO  ua.training.controller.commands.LoginCommand - CLIENT Dentris91 logged successfully.
2018-05-18 17:44:32.652 [http-nio-8080-exec-5] INFO  ua.training.controller.commands.LoginCommand - CLIENT Dentris91 logged successfully.
2018-05-18 18:03:23.415 [http-nio-8080-exec-5] INFO  ua.training.controller.commands.LoginCommand - ADMIN Nagorn09 logged successfully.
2018-05-18 18:07:56.426 [http-nio-8080-exec-5] INFO  ua.training.controller.commands.LoginCommand - ADMIN Nagorn09 logged successfully.
2018-05-18 18:16:51.655 [http-nio-8080-exec-6] INFO  ua.training.controller.commands.LoginCommand - ADMIN Nagorn09 logged successfully.
2018-05-18 18:17:19.311 [http-nio-8080-exec-10] INFO  ua.training.controller.commands.LogoutCommand - ADMIN Nagorn09 logged out.
2018-05-18 18:26:40.613 [http-nio-8080-exec-5] INFO  ua.training.controller.commands.LoginCommand - CLIENT Dentris91 logged successfully.
2018-05-18 18:27:57.818 [http-nio-8080-exec-8] INFO  ua.training.controller.commands.LoginCommand - CLIENT Dentris91 logged successfully.
2018-05-18 18:33:58.925 [http-nio-8080-exec-7] INFO  ua.training.controller.commands.LoginCommand - CLIENT Dentris91 logged successfully.
2018-05-18 18:37:33.735 [http-nio-8080-exec-10] INFO  ua.training.controller.commands.LoginCommand - Sign in fail with login: Dentris91.
2018-05-18 18:37:39.620 [http-nio-8080-exec-1] INFO  ua.training.controller.commands.LoginCommand - CLIENT Dentris91 logged successfully.
2018-05-18 18:38:42.163 [http-nio-8080-exec-5] INFO  ua.training.controller.commands.LoginCommand - CLIENT Dentris91 logged successfully.
2018-05-18 18:40:22.162 [http-nio-8080-exec-5] INFO  ua.training.controller.commands.LoginCommand - CLIENT Dentris91 logged successfully.
2018-05-18 21:28:13.142 [http-nio-8080-exec-1] INFO  ua.training.controller.commands.LoginCommand - CLIENT Dentris91 logged successfully.
2018-05-18 21:38:44.062 [http-nio-8080-exec-5] INFO  ua.training.controller.commands.LoginCommand - CLIENT Dentris91 logged successfully.
2018-05-18 21:44:13.274 [http-nio-8080-exec-4] INFO  ua.training.controller.commands.LoginCommand - CLIENT Dentris91 logged successfully.
2018-05-18 21:46:40.429 [http-nio-8080-exec-5] INFO  ua.training.controller.commands.LoginCommand - CLIENT Dentris91 logged successfully.
2018-05-18 21:47:15.993 [http-nio-8080-exec-5] INFO  ua.training.controller.commands.LoginCommand - CLIENT Dentris91 logged successfully.
2018-05-18 21:48:16.476 [http-nio-8080-exec-5] INFO  ua.training.controller.commands.LoginCommand - CLIENT Dentris91 logged successfully.
2018-05-18 21:49:55.739 [http-nio-8080-exec-5] INFO  ua.training.controller.commands.LoginCommand - CLIENT Dentris91 logged successfully.
2018-05-18 21:53:58.829 [http-nio-8080-exec-5] INFO  ua.training.controller.commands.LoginCommand - CLIENT Dentris91 logged successfully.
2018-05-18 21:55:37.950 [http-nio-8080-exec-5] INFO  ua.training.controller.commands.LoginCommand - CLIENT Dentris91 logged successfully.
2018-05-18 21:56:43.723 [http-nio-8080-exec-6] INFO  ua.training.controller.commands.LoginCommand - CLIENT Dentris91 logged successfully.
2018-05-18 21:58:33.814 [http-nio-8080-exec-5] INFO  ua.training.controller.commands.LoginCommand - CLIENT Dentris91 logged successfully.
2018-05-18 21:59:10.715 [http-nio-8080-exec-5] INFO  ua.training.controller.commands.LoginCommand - CLIENT Dentris91 logged successfully.
2018-05-18 21:59:40.080 [http-nio-8080-exec-5] INFO  ua.training.controller.commands.LoginCommand - CLIENT Dentris91 logged successfully.
2018-05-18 22:06:38.999 [http-nio-8080-exec-5] INFO  ua.training.controller.commands.LoginCommand - CLIENT Dentris91 logged successfully.
2018-05-18 22:10:26.743 [http-nio-8080-exec-5] INFO  ua.training.controller.commands.LoginCommand - CLIENT Dentris91 logged successfully.
2018-05-18 22:13:11.533 [http-nio-8080-exec-5] INFO  ua.training.controller.commands.LoginCommand - CLIENT Dentris91 logged successfully.
2018-05-18 22:16:28.214 [http-nio-8080-exec-5] INFO  ua.training.controller.commands.LoginCommand - CLIENT Dentris91 logged successfully.
2018-05-18 22:17:14.936 [http-nio-8080-exec-6] INFO  ua.training.controller.commands.LoginCommand - CLIENT Dentris91 logged successfully.
2018-05-18 22:18:49.218 [http-nio-8080-exec-5] INFO  ua.training.controller.commands.LoginCommand - CLIENT Dentris91 logged successfully.
2018-05-18 22:21:02.816 [http-nio-8080-exec-5] INFO  ua.training.controller.commands.LoginCommand - CLIENT Dentris91 logged successfully.
2018-05-18 22:28:11.207 [http-nio-8080-exec-5] INFO  ua.training.controller.commands.LoginCommand - CLIENT Dentris91 logged successfully.
2018-05-18 22:28:47.067 [http-nio-8080-exec-5] INFO  ua.training.controller.commands.LoginCommand - CLIENT Dentris91 logged successfully.
2018-05-18 22:29:18.428 [http-nio-8080-exec-5] INFO  ua.training.controller.commands.LoginCommand - CLIENT Dentris91 logged successfully.
2018-05-18 22:36:05.791 [http-nio-8080-exec-5] INFO  ua.training.controller.commands.LoginCommand - CLIENT Dentris91 logged successfully.
2018-05-18 22:36:47.955 [http-nio-8080-exec-3] INFO  ua.training.controller.commands.LoginCommand - CLIENT Dentris91 logged successfully.
2018-05-18 22:46:17.259 [http-nio-8080-exec-5] INFO  ua.training.controller.commands.LoginCommand - CLIENT Dentris91 logged successfully.
2018-05-18 22:48:29.165 [http-nio-8080-exec-5] INFO  ua.training.controller.commands.LoginCommand - CLIENT Dentris91 logged successfully.
2018-05-18 22:49:01.937 [http-nio-8080-exec-5] INFO  ua.training.controller.commands.LoginCommand - CLIENT Dentris91 logged successfully.
2018-05-18 22:50:48.536 [http-nio-8080-exec-5] INFO  ua.training.controller.commands.LoginCommand - CLIENT Dentris91 logged successfully.
2018-05-18 22:51:31.489 [http-nio-8080-exec-5] INFO  ua.training.controller.commands.LoginCommand - CLIENT Dentris91 logged successfully.
2018-05-18 22:52:51.612 [http-nio-8080-exec-4] INFO  ua.training.controller.commands.LoginCommand - CLIENT Dentris91 logged successfully.
2018-05-18 22:53:36.843 [http-nio-8080-exec-5] INFO  ua.training.controller.commands.LoginCommand - CLIENT Dentris91 logged successfully.
2018-05-18 22:55:09.970 [http-nio-8080-exec-1] INFO  ua.training.controller.commands.LoginCommand - CLIENT Dentris91 logged successfully.
2018-05-18 22:56:08.305 [http-nio-8080-exec-5] INFO  ua.training.controller.commands.LoginCommand - CLIENT Dentris91 logged successfully.
2018-05-18 22:57:00.611 [http-nio-8080-exec-5] INFO  ua.training.controller.commands.LoginCommand - CLIENT Dentris91 logged successfully.
2018-05-18 22:57:35.328 [http-nio-8080-exec-5] INFO  ua.training.controller.commands.LoginCommand - CLIENT Dentris91 logged successfully.
2018-05-18 22:58:31.163 [http-nio-8080-exec-8] INFO  ua.training.controller.commands.LoginCommand - CLIENT Dentris91 logged successfully.
2018-05-18 23:01:03.784 [http-nio-8080-exec-3] INFO  ua.training.controller.commands.LoginCommand - CLIENT Dentris91 logged successfully.
2018-05-18 23:02:58.935 [http-nio-8080-exec-5] INFO  ua.training.controller.commands.LoginCommand - CLIENT Dentris91 logged successfully.
2018-05-18 23:05:17.960 [http-nio-8080-exec-5] INFO  ua.training.controller.commands.LoginCommand - CLIENT Dentris91 logged successfully.
2018-05-18 23:07:05.683 [http-nio-8080-exec-5] INFO  ua.training.controller.commands.LoginCommand - CLIENT Dentris91 logged successfully.
2018-05-18 23:09:40.608 [http-nio-8080-exec-5] INFO  ua.training.controller.commands.LoginCommand - CLIENT Dentris91 logged successfully.
2018-05-18 23:10:15.023 [http-nio-8080-exec-5] INFO  ua.training.controller.commands.LoginCommand - CLIENT Dentris91 logged successfully.
2018-05-18 23:13:24.233 [http-nio-8080-exec-5] INFO  ua.training.controller.commands.LoginCommand - CLIENT Dentris91 logged successfully.
2018-05-18 23:14:45.317 [http-nio-8080-exec-5] INFO  ua.training.controller.commands.LoginCommand - CLIENT Dentris91 logged successfully.
2018-05-18 23:18:00.631 [http-nio-8080-exec-5] INFO  ua.training.controller.commands.LoginCommand - CLIENT Dentris91 logged successfully.
2018-05-18 23:18:40.888 [http-nio-8080-exec-5] INFO  ua.training.controller.commands.LoginCommand - CLIENT Dentris91 logged successfully.
2018-05-18 23:20:09.539 [http-nio-8080-exec-5] INFO  ua.training.controller.commands.LoginCommand - CLIENT Dentris91 logged successfully.
2018-05-18 23:21:49.128 [http-nio-8080-exec-5] INFO  ua.training.controller.commands.LoginCommand - CLIENT Dentris91 logged successfully.
2018-05-18 23:31:48.461 [http-nio-8080-exec-5] INFO  ua.training.controller.commands.LoginCommand - CLIENT Dentris91 logged successfully.
2018-05-18 23:32:34.357 [http-nio-8080-exec-7] INFO  ua.training.controller.commands.LoginCommand - ADMIN Nagorn09 logged successfully.
2018-05-18 23:34:30.682 [http-nio-8080-exec-5] INFO  ua.training.controller.commands.LoginCommand - CLIENT Dentris91 logged successfully.
2018-05-18 23:35:49.066 [http-nio-8080-exec-5] INFO  ua.training.controller.commands.LoginCommand - CLIENT Dentris91 logged successfully.
2018-05-18 23:37:39.931 [http-nio-8080-exec-4] INFO  ua.training.controller.commands.LoginCommand - CLIENT Dentris91 logged successfully.
2018-05-18 23:39:28.698 [http-nio-8080-exec-5] INFO  ua.training.controller.commands.LoginCommand - Sign in fail with login: Dentris91.
2018-05-18 23:39:35.428 [http-nio-8080-exec-7] INFO  ua.training.controller.commands.LoginCommand - CLIENT Dentris91 logged successfully.
2018-05-18 23:40:40.385 [http-nio-8080-exec-5] INFO  ua.training.controller.commands.LoginCommand - CLIENT Dentris91 logged successfully.
2018-05-18 23:41:56.638 [http-nio-8080-exec-5] INFO  ua.training.controller.commands.LoginCommand - CLIENT Dentris91 logged successfully.
2018-05-18 23:42:55.105 [http-nio-8080-exec-5] INFO  ua.training.controller.commands.LoginCommand - CLIENT Dentris91 logged successfully.
2018-05-18 23:43:43.656 [http-nio-8080-exec-5] INFO  ua.training.controller.commands.LoginCommand - CLIENT Dentris91 logged successfully.
2018-05-18 23:48:52.776 [http-nio-8080-exec-5] INFO  ua.training.controller.commands.LoginCommand - CLIENT Dentris91 logged successfully.
2018-05-18 23:50:32.715 [http-nio-8080-exec-5] INFO  ua.training.controller.commands.LoginCommand - CLIENT Dentris91 logged successfully.
2018-05-18 23:52:16.308 [http-nio-8080-exec-5] INFO  ua.training.controller.commands.LoginCommand - CLIENT Dentris91 logged successfully.
2018-05-18 23:56:06.110 [http-nio-8080-exec-5] INFO  ua.training.controller.commands.LoginCommand - CLIENT Dentris91 logged successfully.
2018-05-18 23:57:58.735 [http-nio-8080-exec-5] INFO  ua.training.controller.commands.LoginCommand - CLIENT Dentris91 logged successfully.
2018-05-18 23:59:34.351 [http-nio-8080-exec-6] INFO  ua.training.controller.commands.LoginCommand - CLIENT Dentris91 logged successfully.
2018-05-19 00:00:38.878 [http-nio-8080-exec-5] INFO  ua.training.controller.commands.LoginCommand - CLIENT Dentris91 logged successfully.
2018-05-19 00:01:15.183 [http-nio-8080-exec-5] INFO  ua.training.controller.commands.LoginCommand - CLIENT Dentris91 logged successfully.
2018-05-19 00:02:12.333 [http-nio-8080-exec-5] INFO  ua.training.controller.commands.LoginCommand - CLIENT Dentris91 logged successfully.
2018-05-19 00:03:29.884 [http-nio-8080-exec-10] INFO  ua.training.controller.commands.LoginCommand - CLIENT Dentris91 logged successfully.
2018-05-19 12:03:47.786 [main] INFO  ua.training.controller.commands.LoginCommand - CLIENT user logged successfully.
2018-05-19 12:03:47.792 [main] INFO  ua.training.controller.commands.LoginCommand - Sign in fail with login: user.
2018-05-19 12:03:47.797 [main] ERROR ua.training.controller.commands.RegisterCommand - Registration fail. Login user already exists.
2018-05-19 12:03:47.797 [main] INFO  ua.training.controller.commands.RegisterCommand - CLIENT user successfully registered.
2018-05-19 12:14:10.695 [http-bio-8080-exec-8] INFO  ua.training.controller.commands.LoginCommand - CLIENT Dentris91 logged successfully.
2018-05-19 12:19:22.068 [http-bio-8080-exec-7] INFO  ua.training.controller.commands.LoginCommand - CLIENT Dentris91 logged successfully.
2018-05-19 12:23:24.058 [http-bio-8080-exec-8] INFO  ua.training.controller.commands.LoginCommand - CLIENT Dentris91 logged successfully.
2018-05-19 12:24:10.510 [http-bio-8080-exec-8] INFO  ua.training.controller.commands.LoginCommand - CLIENT Dentris91 logged successfully.
2018-05-19 12:25:16.264 [http-bio-8080-exec-8] INFO  ua.training.controller.commands.LoginCommand - CLIENT Dentris91 logged successfully.
2018-05-19 12:26:16.975 [http-bio-8080-exec-8] INFO  ua.training.controller.commands.LoginCommand - CLIENT Dentris91 logged successfully.
2018-05-19 12:27:49.191 [http-bio-8080-exec-8] INFO  ua.training.controller.commands.LoginCommand - CLIENT Dentris91 logged successfully.
2018-05-19 12:28:43.471 [http-bio-8080-exec-8] INFO  ua.training.controller.commands.LoginCommand - CLIENT Dentris91 logged successfully.
2018-05-19 12:29:30.345 [http-bio-8080-exec-8] INFO  ua.training.controller.commands.LoginCommand - CLIENT Dentris91 logged successfully.
2018-05-19 12:30:40.895 [http-bio-8080-exec-8] INFO  ua.training.controller.commands.LoginCommand - CLIENT Dentris91 logged successfully.
2018-05-19 12:31:58.636 [http-bio-8080-exec-8] INFO  ua.training.controller.commands.LoginCommand - CLIENT Dentris91 logged successfully.
2018-05-19 12:32:48.100 [http-bio-8080-exec-8] INFO  ua.training.controller.commands.LoginCommand - CLIENT Dentris91 logged successfully.
2018-05-19 12:33:17.305 [http-bio-8080-exec-8] INFO  ua.training.controller.commands.LoginCommand - CLIENT Dentris91 logged successfully.
2018-05-19 12:35:16.646 [http-bio-8080-exec-8] INFO  ua.training.controller.commands.LoginCommand - CLIENT Dentris91 logged successfully.
2018-05-19 12:36:22.484 [http-bio-8080-exec-8] INFO  ua.training.controller.commands.LoginCommand - CLIENT Dentris91 logged successfully.
2018-05-19 12:37:18.556 [http-bio-8080-exec-8] INFO  ua.training.controller.commands.LoginCommand - CLIENT Dentris91 logged successfully.
2018-05-19 12:42:24.403 [http-bio-8080-exec-8] INFO  ua.training.controller.commands.LoginCommand - CLIENT Dentris91 logged successfully.
2018-05-19 12:43:36.792 [http-bio-8080-exec-8] INFO  ua.training.controller.commands.LoginCommand - CLIENT Dentris91 logged successfully.
2018-05-19 12:45:30.522 [http-bio-8080-exec-8] INFO  ua.training.controller.commands.LoginCommand - CLIENT Dentris91 logged successfully.
2018-05-19 12:50:39.626 [http-bio-8080-exec-8] INFO  ua.training.controller.commands.LoginCommand - CLIENT Dentris91 logged successfully.
2018-05-19 12:51:33.037 [http-bio-8080-exec-8] INFO  ua.training.controller.commands.LoginCommand - CLIENT Dentris91 logged successfully.
2018-05-19 13:02:17.520 [http-bio-8080-exec-8] INFO  ua.training.controller.commands.LoginCommand - CLIENT Dentris91 logged successfully.
2018-05-19 13:03:36.720 [http-bio-8080-exec-8] INFO  ua.training.controller.commands.LoginCommand - CLIENT Dentris91 logged successfully.
2018-05-19 13:06:46.688 [http-bio-8080-exec-8] INFO  ua.training.controller.commands.LoginCommand - CLIENT Dentris91 logged successfully.
2018-05-19 13:07:37.581 [http-bio-8080-exec-8] INFO  ua.training.controller.commands.LoginCommand - CLIENT Dentris91 logged successfully.
2018-05-19 13:08:30.641 [http-bio-8080-exec-8] INFO  ua.training.controller.commands.LoginCommand - CLIENT Dentris91 logged successfully.
2018-05-19 13:13:33.008 [http-bio-8080-exec-8] INFO  ua.training.controller.commands.LoginCommand - CLIENT Dentris91 logged successfully.
2018-05-19 13:15:06.711 [http-bio-8080-exec-8] INFO  ua.training.controller.commands.LoginCommand - CLIENT Dentris91 logged successfully.
2018-05-19 13:17:52.826 [http-bio-8080-exec-8] INFO  ua.training.controller.commands.LoginCommand - CLIENT Dentris91 logged successfully.
2018-05-19 13:23:04.654 [http-bio-8080-exec-8] INFO  ua.training.controller.commands.LoginCommand - CLIENT Dentris91 logged successfully.
2018-05-19 13:24:06.125 [http-bio-8080-exec-8] INFO  ua.training.controller.commands.LoginCommand - CLIENT Dentris91 logged successfully.
2018-05-19 13:32:32.604 [http-bio-8080-exec-8] INFO  ua.training.controller.commands.LoginCommand - CLIENT Dentris91 logged successfully.
2018-05-19 13:33:02.191 [http-bio-8080-exec-8] INFO  ua.training.controller.commands.LoginCommand - CLIENT Dentris91 logged successfully.
2018-05-19 13:36:13.548 [http-bio-8080-exec-8] INFO  ua.training.controller.commands.LoginCommand - CLIENT Dentris91 logged successfully.
2018-05-19 13:36:43.363 [http-bio-8080-exec-8] INFO  ua.training.controller.commands.LoginCommand - CLIENT Dentris91 logged successfully.
2018-05-19 13:37:17.969 [http-bio-8080-exec-8] INFO  ua.training.controller.commands.LoginCommand - CLIENT Dentris91 logged successfully.
2018-05-19 13:40:58.524 [http-bio-8080-exec-8] INFO  ua.training.controller.commands.LoginCommand - CLIENT Dentris91 logged successfully.
2018-05-19 13:44:44.482 [http-bio-8080-exec-8] INFO  ua.training.controller.commands.LoginCommand - CLIENT Dentris91 logged successfully.
2018-05-19 13:48:23.562 [http-bio-8080-exec-8] INFO  ua.training.controller.commands.LoginCommand - CLIENT Dentris91 logged successfully.
2018-05-19 13:53:18.179 [http-bio-8080-exec-8] INFO  ua.training.controller.commands.LoginCommand - CLIENT Dentris91 logged successfully.
2018-05-19 13:56:59.590 [http-bio-8080-exec-8] INFO  ua.training.controller.commands.LoginCommand - CLIENT Dentris91 logged successfully.
2018-05-19 13:57:49.191 [http-bio-8080-exec-8] INFO  ua.training.controller.commands.LoginCommand - CLIENT Dentris91 logged successfully.
2018-05-19 13:59:27.743 [http-bio-8080-exec-8] INFO  ua.training.controller.commands.LoginCommand - CLIENT Dentris91 logged successfully.
2018-05-19 14:01:59.425 [http-bio-8080-exec-8] INFO  ua.training.controller.commands.LoginCommand - CLIENT Dentris91 logged successfully.
2018-05-19 14:03:05.544 [http-bio-8080-exec-8] INFO  ua.training.controller.commands.LoginCommand - CLIENT Dentris91 logged successfully.
2018-05-19 15:14:06.869 [http-bio-8080-exec-10] INFO  ua.training.controller.commands.LoginCommand - CLIENT Dentris91 logged successfully.
2018-05-19 15:15:09.525 [http-bio-8080-exec-9] INFO  ua.training.controller.commands.LoginCommand - CLIENT Dentris91 logged successfully.
2018-05-19 15:31:34.576 [http-bio-8080-exec-9] INFO  ua.training.controller.commands.LoginCommand - CLIENT Dentris91 logged successfully.
2018-05-19 15:32:19.701 [http-bio-8080-exec-8] INFO  ua.training.controller.commands.LoginCommand - CLIENT Dentris91 logged successfully.
2018-05-19 15:36:48.070 [http-bio-8080-exec-8] INFO  ua.training.controller.commands.LoginCommand - CLIENT Dentris91 logged successfully.
2018-05-19 15:37:40.397 [http-bio-8080-exec-8] INFO  ua.training.controller.commands.LoginCommand - CLIENT Dentris91 logged successfully.
2018-05-19 15:38:53.645 [http-bio-8080-exec-8] INFO  ua.training.controller.commands.LoginCommand - CLIENT Dentris91 logged successfully.
2018-05-19 15:40:38.027 [http-bio-8080-exec-8] INFO  ua.training.controller.commands.LoginCommand - CLIENT Dentris91 logged successfully.
2018-05-19 15:43:56.548 [http-bio-8080-exec-8] INFO  ua.training.controller.commands.LoginCommand - CLIENT Dentris91 logged successfully.
2018-05-19 15:46:17.884 [http-bio-8080-exec-8] INFO  ua.training.controller.commands.LoginCommand - CLIENT Dentris91 logged successfully.
2018-05-19 15:50:35.660 [http-bio-8080-exec-8] INFO  ua.training.controller.commands.LoginCommand - CLIENT Dentris91 logged successfully.
2018-05-19 15:51:31.361 [http-bio-8080-exec-8] INFO  ua.training.controller.commands.LoginCommand - CLIENT Dentris91 logged successfully.
2018-05-19 16:32:45.810 [http-bio-8080-exec-8] INFO  ua.training.controller.commands.LoginCommand - CLIENT Dentris91 logged successfully.
2018-05-19 16:37:43.953 [http-bio-8080-exec-8] INFO  ua.training.controller.commands.LoginCommand - CLIENT Dentris91 logged successfully.
2018-05-19 16:41:54.308 [http-bio-8080-exec-8] INFO  ua.training.controller.commands.LoginCommand - CLIENT Dentris91 logged successfully.
2018-05-19 16:42:28.895 [http-bio-8080-exec-8] INFO  ua.training.controller.commands.LoginCommand - CLIENT Dentris91 logged successfully.
2018-05-19 16:42:56.119 [http-bio-8080-exec-8] INFO  ua.training.controller.commands.LoginCommand - CLIENT Dentris91 logged successfully.
2018-05-19 16:43:19.758 [http-bio-8080-exec-8] INFO  ua.training.controller.commands.LoginCommand - CLIENT Dentris91 logged successfully.
2018-05-19 16:54:25.874 [http-bio-8080-exec-10] INFO  ua.training.controller.commands.LoginCommand - CLIENT Dentris91 logged successfully.
2018-05-19 16:55:40.285 [http-bio-8080-exec-8] INFO  ua.training.controller.commands.LoginCommand - CLIENT Dentris91 logged successfully.
2018-05-19 16:58:59.832 [http-bio-8080-exec-8] INFO  ua.training.controller.commands.LoginCommand - CLIENT Dentris91 logged successfully.
2018-05-19 17:00:56.975 [http-bio-8080-exec-8] INFO  ua.training.controller.commands.LoginCommand - CLIENT Dentris91 logged successfully.
2018-05-19 17:02:25.336 [http-bio-8080-exec-8] INFO  ua.training.controller.commands.LoginCommand - CLIENT Dentris91 logged successfully.
2018-05-19 17:03:22.132 [http-bio-8080-exec-8] INFO  ua.training.controller.commands.LoginCommand - CLIENT Dentris91 logged successfully.
2018-05-19 17:03:47.201 [http-bio-8080-exec-8] INFO  ua.training.controller.commands.LoginCommand - CLIENT Dentris91 logged successfully.
2018-05-19 17:06:50.960 [http-bio-8080-exec-8] INFO  ua.training.controller.commands.LoginCommand - CLIENT Dentris91 logged successfully.
2018-05-19 17:07:29.493 [http-bio-8080-exec-8] INFO  ua.training.controller.commands.LoginCommand - CLIENT Dentris91 logged successfully.
2018-05-19 17:23:58.563 [http-bio-8080-exec-8] INFO  ua.training.controller.commands.LoginCommand - CLIENT Dentris91 logged successfully.
2018-05-19 17:32:19.550 [http-bio-8080-exec-8] INFO  ua.training.controller.commands.LoginCommand - CLIENT Dentris91 logged successfully.
2018-05-19 17:33:14.529 [http-bio-8080-exec-8] INFO  ua.training.controller.commands.LoginCommand - CLIENT Dentris91 logged successfully.
2018-05-19 17:33:47.442 [http-bio-8080-exec-8] INFO  ua.training.controller.commands.LoginCommand - Sign in fail with login: Dentris91.
2018-05-19 17:33:52.489 [http-bio-8080-exec-9] INFO  ua.training.controller.commands.LoginCommand - CLIENT Dentris91 logged successfully.
2018-05-19 17:41:25.314 [http-bio-8080-exec-8] INFO  ua.training.controller.commands.RegisterCommand - CLIENT Resius successfully registered.
2018-05-19 17:43:34.566 [http-bio-8080-exec-8] INFO  ua.training.controller.commands.RegisterCommand - CLIENT Resius successfully registered.
2018-05-19 17:43:48.455 [http-bio-8080-exec-10] INFO  ua.training.controller.commands.LoginCommand - CLIENT Resius logged successfully.
2018-05-19 17:47:00.366 [http-bio-8080-exec-8] INFO  ua.training.controller.commands.LoginCommand - CLIENT Dentris91 logged successfully.
2018-05-19 17:47:02.072 [http-bio-8080-exec-10] INFO  ua.training.controller.commands.LogoutCommand - CLIENT Dentris91 logged out.
2018-05-19 17:47:09.342 [http-bio-8080-exec-10] INFO  ua.training.controller.commands.LoginCommand - CLIENT Resius logged successfully.
2018-05-19 17:47:48.682 [http-bio-8080-exec-8] INFO  ua.training.controller.commands.LoginCommand - CLIENT Resius logged successfully.
2018-05-19 17:50:54.326 [http-bio-8080-exec-9] INFO  ua.training.controller.commands.LoginCommand - CLIENT Resius logged successfully.
2018-05-19 17:51:52.255 [http-bio-8080-exec-9] INFO  ua.training.controller.commands.LogoutCommand - CLIENT Resius logged out.
2018-05-19 17:52:00.467 [http-bio-8080-exec-9] INFO  ua.training.controller.commands.LoginCommand - CLIENT Dentris91 logged successfully.
2018-05-19 17:52:22.817 [http-bio-8080-exec-9] INFO  ua.training.controller.commands.LogoutCommand - CLIENT Dentris91 logged out.
2018-05-19 17:52:29.705 [http-bio-8080-exec-9] INFO  ua.training.controller.commands.LoginCommand - ADMIN Nagorn09 logged successfully.
2018-05-19 18:07:25.767 [http-bio-8080-exec-4] INFO  ua.training.controller.commands.LoginCommand - CLIENT Dentris91 logged successfully.
2018-05-19 18:11:39.219 [http-bio-8080-exec-6] INFO  ua.training.controller.commands.LoginCommand - CLIENT Dentris91 logged successfully.
2018-05-19 18:14:27.362 [http-bio-8080-exec-7] INFO  ua.training.controller.commands.LoginCommand - CLIENT Dentris91 logged successfully.
2018-05-19 18:15:26.741 [http-bio-8080-exec-8] INFO  ua.training.controller.commands.LoginCommand - CLIENT Dentris91 logged successfully.
2018-05-19 18:16:42.156 [http-bio-8080-exec-2] INFO  ua.training.controller.commands.LoginCommand - CLIENT Dentris91 logged successfully.
2018-05-19 18:18:27.297 [http-bio-8080-exec-8] INFO  ua.training.controller.commands.LoginCommand - CLIENT Dentris91 logged successfully.
2018-05-19 18:20:20.235 [http-bio-8080-exec-8] INFO  ua.training.controller.commands.LoginCommand - CLIENT Dentris91 logged successfully.
2018-05-19 18:30:58.006 [http-bio-8080-exec-10] INFO  ua.training.controller.commands.LoginCommand - Sign in fail with login: Dentris91.
2018-05-19 18:41:30.633 [http-bio-8080-exec-10] INFO  ua.training.controller.commands.LoginCommand - CLIENT Dentris91 logged successfully.
2018-05-19 20:58:55.914 [http-bio-8080-exec-10] INFO  ua.training.controller.commands.LoginCommand - Sign in fail with login: Dentris91.
2018-05-19 20:59:05.464 [http-bio-8080-exec-10] INFO  ua.training.controller.commands.LoginCommand - Sign in fail with login: Dentris91.
2018-05-19 21:05:48.525 [http-bio-8080-exec-10] INFO  ua.training.controller.commands.LoginCommand - Sign in fail with login: Dentris91.
2018-05-19 21:05:57.700 [http-bio-8080-exec-10] ERROR ua.training.controller.commands.RegisterCommand - Registration fail. Login Dentris91 already exists.
2018-05-19 21:06:23.494 [http-bio-8080-exec-10] INFO  ua.training.controller.commands.LoginCommand - CLIENT Dentris91 logged successfully.
2018-05-19 21:14:17.990 [http-bio-8080-exec-8] INFO  ua.training.controller.commands.LoginCommand - CLIENT Dentris91 logged successfully.
2018-05-19 21:15:15.013 [http-bio-8080-exec-8] INFO  ua.training.controller.commands.LoginCommand - CLIENT Dentris91 logged successfully.
2018-05-19 21:26:35.676 [http-bio-8080-exec-8] INFO  ua.training.controller.commands.LoginCommand - CLIENT Dentris91 logged successfully.
2018-05-19 21:28:01.553 [http-bio-8080-exec-8] INFO  ua.training.controller.commands.LoginCommand - CLIENT Dentris91 logged successfully.
2018-05-19 21:29:07.791 [http-bio-8080-exec-8] INFO  ua.training.controller.commands.LoginCommand - CLIENT Dentris91 logged successfully.
2018-05-19 21:30:04.264 [http-bio-8080-exec-8] INFO  ua.training.controller.commands.LoginCommand - CLIENT Dentris91 logged successfully.
2018-05-19 21:35:39.342 [http-bio-8080-exec-8] INFO  ua.training.controller.commands.LoginCommand - CLIENT Dentris91 logged successfully.
2018-05-19 21:38:34.924 [http-bio-8080-exec-8] INFO  ua.training.controller.commands.LoginCommand - CLIENT Sentril logged successfully.
2018-05-19 21:38:47.834 [http-bio-8080-exec-10] INFO  ua.training.controller.commands.LogoutCommand - CLIENT Sentril logged out.
2018-05-19 21:38:54.727 [http-bio-8080-exec-10] INFO  ua.training.controller.commands.LoginCommand - CLIENT Dentris91 logged successfully.
2018-05-19 21:53:56.253 [http-bio-8080-exec-10] INFO  ua.training.controller.commands.LoginCommand - CLIENT Dentris91 logged successfully.
2018-05-19 21:54:52.275 [http-bio-8080-exec-10] INFO  ua.training.controller.commands.LoginCommand - CLIENT Dentris91 logged successfully.
2018-05-19 21:57:19.620 [http-bio-8080-exec-10] INFO  ua.training.controller.commands.LoginCommand - CLIENT Dentris91 logged successfully.
2018-05-19 21:57:33.133 [http-bio-8080-exec-10] INFO  ua.training.controller.commands.LogoutCommand - CLIENT Dentris91 logged out.
2018-05-19 21:57:39.083 [http-bio-8080-exec-10] ERROR ua.training.controller.commands.RegisterCommand - Registration fail. Login Dentris91 already exists.
2018-05-19 21:57:58.082 [http-bio-8080-exec-10] INFO  ua.training.controller.commands.RegisterCommand - CLIENT safasa successfully registered.
2018-05-19 22:05:52.535 [http-bio-8080-exec-7] INFO  ua.training.controller.commands.LoginCommand - ADMIN Nagorn09 logged successfully.
2018-05-19 22:08:52.457 [http-bio-8080-exec-10] INFO  ua.training.controller.commands.LoginCommand - ADMIN Nagorn09 logged successfully.
2018-05-19 22:13:40.614 [http-bio-8080-exec-7] INFO  ua.training.controller.commands.LoginCommand - CLIENT Dentris91 logged successfully.
2018-05-19 22:14:42.342 [http-bio-8080-exec-8] INFO  ua.training.controller.commands.LoginCommand - CLIENT Dentris91 logged successfully.
2018-05-19 22:20:04.925 [http-bio-8080-exec-10] INFO  ua.training.controller.commands.LoginCommand - ADMIN Nagorn09 logged successfully.
2018-05-19 22:21:44.233 [http-bio-8080-exec-6] INFO  ua.training.controller.commands.LogoutCommand - ADMIN Nagorn09 logged out.
2018-05-19 22:21:50.878 [http-bio-8080-exec-6] INFO  ua.training.controller.commands.LoginCommand - CLIENT Dentris91 logged successfully.
2018-05-19 22:25:31.627 [http-bio-8080-exec-10] INFO  ua.training.controller.commands.LoginCommand - ADMIN Nagorn09 logged successfully.
2018-05-19 22:27:40.821 [http-bio-8080-exec-10] INFO  ua.training.controller.commands.LoginCommand - CLIENT Dentris91 logged successfully.
2018-05-19 22:30:34.348 [http-bio-8080-exec-8] INFO  ua.training.controller.commands.LoginCommand - ADMIN Nagorn09 logged successfully.
2018-05-19 22:30:53.252 [http-bio-8080-exec-10] INFO  ua.training.controller.commands.LogoutCommand - ADMIN Nagorn09 logged out.
2018-05-19 22:30:58.893 [http-bio-8080-exec-10] INFO  ua.training.controller.commands.LoginCommand - CLIENT Dentris91 logged successfully.
2018-05-19 22:33:02.254 [http-bio-8080-exec-8] INFO  ua.training.controller.commands.LoginCommand - CLIENT Dentris91 logged successfully.
2018-05-19 22:34:22.941 [http-bio-8080-exec-8] INFO  ua.training.controller.commands.LoginCommand - CLIENT Dentris91 logged successfully.
2018-05-19 22:55:22.802 [http-bio-8080-exec-8] INFO  ua.training.controller.commands.LoginCommand - CLIENT Dentris91 logged successfully.
2018-05-19 23:31:50.444 [http-bio-8080-exec-8] INFO  ua.training.controller.commands.LoginCommand - CLIENT Dentris91 logged successfully.
2018-05-20 00:02:46.829 [http-bio-8080-exec-8] INFO  ua.training.controller.commands.LoginCommand - CLIENT Sentril logged successfully.
2018-05-20 00:06:47.856 [http-bio-8080-exec-8] INFO  ua.training.controller.commands.LoginCommand - CLIENT Sentril logged successfully.
2018-05-20 00:09:17.866 [http-bio-8080-exec-8] INFO  ua.training.controller.commands.LoginCommand - CLIENT Sentril logged successfully.
2018-05-20 00:12:34.234 [http-bio-8080-exec-6] INFO  ua.training.controller.commands.LoginCommand - CLIENT Sentril logged successfully.
2018-05-20 00:14:59.993 [http-bio-8080-exec-7] INFO  ua.training.controller.commands.LoginCommand - CLIENT Sentril logged successfully.
